\BOOKMARK [1][-]{section.1}{1. Exercise}{}% 1
\BOOKMARK [2][-]{subsection.1.1}{\(a\) }{section.1}% 2
\BOOKMARK [3][-]{subsubsection.1.1.1}{ i\)}{subsection.1.1}% 3
\BOOKMARK [3][-]{subsubsection.1.1.2}{ ii\)}{subsection.1.1}% 4
\BOOKMARK [3][-]{subsubsection.1.1.3}{ iii\)}{subsection.1.1}% 5
\BOOKMARK [3][-]{subsubsection.1.1.4}{ iv\)}{subsection.1.1}% 6
\BOOKMARK [2][-]{subsection.1.2}{\(b\) }{section.1}% 7
\BOOKMARK [2][-]{subsection.1.3}{\(c\) }{section.1}% 8
\BOOKMARK [2][-]{subsection.1.4}{\(d\) }{section.1}% 9
\BOOKMARK [3][-]{subsubsection.1.4.1}{ i\)}{subsection.1.4}% 10
\BOOKMARK [2][-]{subsection.1.5}{\(e\) }{section.1}% 11
\BOOKMARK [3][-]{subsubsection.1.5.1}{ i\)}{subsection.1.5}% 12
\BOOKMARK [3][-]{subsubsection.1.5.2}{ ii\)}{subsection.1.5}% 13
\BOOKMARK [1][-]{section.2}{2. Exercise}{}% 14
\BOOKMARK [2][-]{subsection.2.1}{\(a\) }{section.2}% 15
\BOOKMARK [3][-]{subsubsection.2.1.1}{ i\)}{subsection.2.1}% 16
\BOOKMARK [3][-]{subsubsection.2.1.2}{ ii\)}{subsection.2.1}% 17
\BOOKMARK [3][-]{subsubsection.2.1.3}{ iii\)}{subsection.2.1}% 18
\BOOKMARK [3][-]{subsubsection.2.1.4}{ iv\)}{subsection.2.1}% 19
\BOOKMARK [1][-]{section.3}{3. Exercise}{}% 20
\BOOKMARK [2][-]{subsection.3.1}{\(a\) }{section.3}% 21
\BOOKMARK [2][-]{subsection.3.2}{\(b\) }{section.3}% 22
\BOOKMARK [2][-]{subsection.3.3}{\(c\) }{section.3}% 23
\BOOKMARK [1][-]{section.4}{4. Exercise}{}% 24
\BOOKMARK [2][-]{subsection.4.1}{\(a\) }{section.4}% 25
\BOOKMARK [2][-]{subsection.4.2}{\(b\) }{section.4}% 26
\BOOKMARK [2][-]{subsection.4.3}{\(c\) }{section.4}% 27
\BOOKMARK [2][-]{subsection.4.4}{\(d\) }{section.4}% 28
