\BOOKMARK [1][-]{section.1}{Exercise 1 }{}% 1
\BOOKMARK [2][-]{subsection.1.1}{\(a\) }{section.1}% 2
\BOOKMARK [1][-]{section.2}{Exercise 2 }{}% 3
\BOOKMARK [2][-]{subsection.2.1}{\(a\) }{section.2}% 4
\BOOKMARK [3][-]{subsubsection.2.1.1}{\(a\).1 }{subsection.2.1}% 5
\BOOKMARK [3][-]{subsubsection.2.1.2}{\(a\).2 }{subsection.2.1}% 6
\BOOKMARK [3][-]{subsubsection.2.1.3}{\(a\).3 }{subsection.2.1}% 7
\BOOKMARK [2][-]{subsection.2.2}{\(b\) }{section.2}% 8
\BOOKMARK [2][-]{subsection.2.3}{\(c\) }{section.2}% 9
\BOOKMARK [1][-]{section.3}{Exercise 3 }{}% 10
\BOOKMARK [2][-]{subsection.3.1}{\(a\) }{section.3}% 11
\BOOKMARK [2][-]{subsection.3.2}{\(b\) }{section.3}% 12
\BOOKMARK [2][-]{subsection.3.3}{\(c\) }{section.3}% 13
\BOOKMARK [2][-]{subsection.3.4}{\(d\) }{section.3}% 14
\BOOKMARK [2][-]{subsection.3.5}{\(e\) }{section.3}% 15
\BOOKMARK [2][-]{subsection.3.6}{\(f\) }{section.3}% 16
\BOOKMARK [2][-]{subsection.3.7}{\(g\) }{section.3}% 17
\BOOKMARK [1][-]{section.4}{Exercise 4 }{}% 18
\BOOKMARK [2][-]{subsection.4.1}{\(a\) }{section.4}% 19
\BOOKMARK [2][-]{subsection.4.2}{\(b\) }{section.4}% 20
\BOOKMARK [2][-]{subsection.4.3}{\(c\) }{section.4}% 21
\BOOKMARK [2][-]{subsection.4.4}{\(d\) }{section.4}% 22
\BOOKMARK [2][-]{subsection.4.5}{\(e\) }{section.4}% 23
