\BOOKMARK [1][-]{section.1}{1. Exercise}{}% 1
\BOOKMARK [2][-]{subsection.1.1}{\(a\) }{section.1}% 2
\BOOKMARK [2][-]{subsection.1.2}{\(b\) }{section.1}% 3
\BOOKMARK [2][-]{subsection.1.3}{\(c\) }{section.1}% 4
\BOOKMARK [1][-]{section.2}{2. Exercise}{}% 5
\BOOKMARK [2][-]{subsection.2.1}{\(a\) }{section.2}% 6
\BOOKMARK [2][-]{subsection.2.2}{\(b\) }{section.2}% 7
\BOOKMARK [2][-]{subsection.2.3}{\(c\) }{section.2}% 8
\BOOKMARK [1][-]{section.3}{3. Exercise}{}% 9
\BOOKMARK [2][-]{subsection.3.1}{\(a\) }{section.3}% 10
\BOOKMARK [2][-]{subsection.3.2}{\(b\) }{section.3}% 11
\BOOKMARK [2][-]{subsection.3.3}{\(c\) }{section.3}% 12
\BOOKMARK [2][-]{subsection.3.4}{\(d\) }{section.3}% 13
\BOOKMARK [1][-]{section.4}{4. Exercise}{}% 14
\BOOKMARK [1][-]{section.5}{5. Appendix}{}% 15
\BOOKMARK [2][-]{subsection.5.1}{\(a\) }{section.5}% 16
\BOOKMARK [2][-]{subsection.5.2}{\(b\) }{section.5}% 17
\BOOKMARK [2][-]{subsection.5.3}{\(c\) }{section.5}% 18
\BOOKMARK [2][-]{subsection.5.4}{\(d\) }{section.5}% 19
\BOOKMARK [2][-]{subsection.5.5}{\(e\) }{section.5}% 20
\BOOKMARK [2][-]{subsection.5.6}{\(f\) }{section.5}% 21
